
🚀 JSONログインポート開始
📍 データベース: /root/lpbot/monitoring/lpbot.db
📅 対象期間: 過去30日間

📁 対象ファイル: 2個

📄 ファイル処理: logs_2025-07-30.json
   ✅ インポート: 35件
   ⏭️  スキップ: 1366件（重複）

📄 ファイル処理: logs_2025-07-31.json
   ✅ インポート: 125件
   ⏭️  スキップ: 268件（重複）

📊 日次パフォーマンス集計中...
   ✅ 日次パフォーマンス更新完了

📊 インポート結果:
   ✅ インポート: 160件
   ⏭️  スキップ: 1634件（重複）

📈 データベース統計:
   rebalance_history: 368件
   swap_history: 21件
   fund_changes: 1件
   gas_retry_history: 60件
   lp_creation_history: 27件
   system_logs: 118件
   monitoring_cycles: 1485件

   最新リバランス: 2025-07-31T01:18:47.302845
   NFT: 4725955 → 4726165

✅ インポート完了!

🚀 JSONログインポート開始
📍 データベース: /root/lpbot/monitoring/lpbot.db
📅 対象期間: 過去30日間

📁 対象ファイル: 3個

📄 ファイル処理: logs_2025-07-30.json
   ✅ インポート: 35件
   ⏭️  スキップ: 1366件（重複）

📄 ファイル処理: logs_2025-07-31.json
   ✅ インポート: 57件
   ⏭️  スキップ: 3148件（重複）

📄 ファイル処理: logs_2025-08-01.json
   ✅ インポート: 135件
   ⏭️  スキップ: 259件（重複）

📊 日次パフォーマンス集計中...
   ✅ 日次パフォーマンス更新完了

📊 インポート結果:
   ✅ インポート: 227件
   ⏭️  スキップ: 4773件（重複）

📈 データベース統計:
   rebalance_history: 2412件
   swap_history: 49件
   fund_changes: 1件
   gas_retry_history: 120件
   lp_creation_history: 56件
   system_logs: 234件
   monitoring_cycles: 4345件

   最新リバランス: 2025-08-01T02:03:04.243865
   NFT: 4729805 → 4729896

✅ インポート完了!
